\BOOKMARK [0][-]{chapter*.2}{\376\377\122\115\212\000}{}% 1
\BOOKMARK [-1][-]{part.1}{\376\377\000I\000\040\127\372\170\100\167\345\213\306}{}% 2
\BOOKMARK [0][-]{chapter.1}{\376\377\213\376\172\013\133\374\121\145}{part.1}% 3
\BOOKMARK [1][-]{section.1.1}{\376\377\145\160\133\146\117\030\123\026\151\202\217\360}{chapter.1}% 4
\BOOKMARK [1][-]{section.1.2}{\376\377\147\000\134\017\116\214\116\130\225\356\230\230\124\214\176\277\140\047\211\304\122\022\173\200\116\313}{chapter.1}% 5
\BOOKMARK [2][-]{subsection.1.2.1}{\376\377\147\000\134\017\116\214\116\130\225\356\230\230}{section.1.2}% 6
\BOOKMARK [2][-]{subsection.1.2.2}{\376\377\176\277\140\047\211\304\122\022}{section.1.2}% 7
\BOOKMARK [1][-]{section.1.3}{\376\377\121\370\117\030\123\026\173\200\116\313}{chapter.1}% 8
\BOOKMARK [1][-]{section.1.4}{\376\377\227\136\176\277\140\047\377\010\116\024\227\136\121\370\166\204\377\011\117\030\123\026\173\200\116\313}{chapter.1}% 9
\BOOKMARK [1][-]{section.1.5}{\376\377\145\131\147\120\131\047\176\262}{chapter.1}% 10
\BOOKMARK [1][-]{section.1.6}{\376\377\173\046\123\367\210\150\171\072}{chapter.1}% 11
\BOOKMARK [1][-]{section.1.7}{\376\377\226\306\124\010\217\320\173\227}{chapter.1}% 12
\BOOKMARK [-1][-]{part.2}{\376\377\000I\000I\000\040\164\006\213\272\127\372\170\100}{}% 13
\BOOKMARK [0][-]{chapter.2}{\376\377\121\370\226\306}{part.2}% 14
\BOOKMARK [1][-]{section.2.1}{\376\377\116\377\134\004\226\306\124\214\121\370\226\306}{chapter.2}% 15
\BOOKMARK [1][-]{section.2.2}{\376\377\221\315\211\201\171\072\117\213}{chapter.2}% 16
\BOOKMARK [1][-]{section.2.3}{\376\377\117\335\121\370\123\330\143\142}{chapter.2}% 17
\BOOKMARK [1][-]{section.2.4}{\376\377\136\177\116\111\116\015\173\111\137\017}{chapter.2}% 18
\BOOKMARK [1][-]{section.2.5}{\376\377\122\006\171\273\377\037\124\214\145\057\144\221\215\205\136\163\227\142}{chapter.2}% 19
\BOOKMARK [1][-]{section.2.6}{\376\377\133\371\120\166\225\045\117\123\124\214\136\177\116\111\116\015\173\111\137\017}{chapter.2}% 20
\BOOKMARK [0][-]{chapter.3}{\376\377\121\370\121\375\145\160}{part.2}% 21
\BOOKMARK [-1][-]{part.3}{\376\377\000I\000I\000I\000\040\136\224\165\050}{}% 22
